
> learn-note-long@ express:dev /Users/mac/Desktop/learnProject/Learn-Note-Long
> pnpm --filter express-app dev


> express-app@1.0.0 dev /Users/mac/Desktop/learnProject/Learn-Note-Long/packages/express-app
> tsx watch src/index.ts

✅ MongoDB connected successfully
node:events:495
      throw er; // Unhandled 'error' event
      ^

Error: listen EADDRINUSE: address already in use :::3000
    at __node_internal_captureLargerStackTrace (node:internal/errors:496:5)
    at __node_internal_uvExceptionWithHostPort (node:internal/errors:593:12)
    at Server.setupListenHandle [as _listen2] (node:net:1817:16)
    at listenInCluster (node:net:1865:12)
    at Server.listen (node:net:1953:7)
    at Function.listen (/Users/mac/Desktop/learnProject/Learn-Note-Long/node_modules/.pnpm/express@4.22.1/node_modules/express/lib/application.js:635:24)
    at startServer (/Users/mac/Desktop/learnProject/Learn-Note-Long/packages/express-app/src/index.ts:30:7)
    at process.processTicksAndRejections (node:internal/process/task_queues:95:5)
Emitted 'error' event on Server instance at:
    at emitErrorNT (node:net:1844:8)
    at process.processTicksAndRejections (node:internal/process/task_queues:82:21) {
  code: 'EADDRINUSE',
  errno: -48,
  syscall: 'listen',
  address: '::',
  port: 3000
}

Node.js v18.20.8
